{"C:\\Users\\joaki\\Documents\\GitHub\\frontend-tutorials\\webdevsimplyfied\\jest-testing\\src\\cloneArray.js": {"path":"C:\\Users\\joaki\\Documents\\GitHub\\frontend-tutorials\\webdevsimplyfied\\jest-testing\\src\\cloneArray.js","statementMap":{"0":{"start":{"line":1,"column":19},"end":{"line":3,"column":1}},"1":{"start":{"line":2,"column":2},"end":{"line":2,"column":20}}},"fnMap":{"0":{"name":"(anonymous_0)","decl":{"start":{"line":1,"column":19},"end":{"line":1,"column":20}},"loc":{"start":{"line":1,"column":30},"end":{"line":3,"column":1}},"line":1}},"branchMap":{},"s":{"0":1,"1":2},"f":{"0":2},"b":{},"_coverageSchema":"1a1c01bbd47fc00a2c39e90264f33305004495a9","hash":"5a5abee79d0ed450ae0b3ca5c57d0c93b4970210"}
,"C:\\Users\\joaki\\Documents\\GitHub\\frontend-tutorials\\webdevsimplyfied\\jest-testing\\src\\subtract.js": {"path":"C:\\Users\\joaki\\Documents\\GitHub\\frontend-tutorials\\webdevsimplyfied\\jest-testing\\src\\subtract.js","statementMap":{"0":{"start":{"line":1,"column":17},"end":{"line":3,"column":1}},"1":{"start":{"line":2,"column":2},"end":{"line":2,"column":15}}},"fnMap":{"0":{"name":"(anonymous_0)","decl":{"start":{"line":1,"column":17},"end":{"line":1,"column":18}},"loc":{"start":{"line":1,"column":27},"end":{"line":3,"column":1}},"line":1}},"branchMap":{},"s":{"0":1,"1":1},"f":{"0":1},"b":{},"_coverageSchema":"1a1c01bbd47fc00a2c39e90264f33305004495a9","hash":"0719b89778dcff254ca5381a940e91fe89d5168f"}
,"C:\\Users\\joaki\\Documents\\GitHub\\frontend-tutorials\\webdevsimplyfied\\jest-testing\\src\\sum.js": {"path":"C:\\Users\\joaki\\Documents\\GitHub\\frontend-tutorials\\webdevsimplyfied\\jest-testing\\src\\sum.js","statementMap":{"0":{"start":{"line":1,"column":12},"end":{"line":3,"column":1}},"1":{"start":{"line":2,"column":2},"end":{"line":2,"column":15}}},"fnMap":{"0":{"name":"(anonymous_0)","decl":{"start":{"line":1,"column":12},"end":{"line":1,"column":13}},"loc":{"start":{"line":1,"column":22},"end":{"line":3,"column":1}},"line":1}},"branchMap":{},"s":{"0":1,"1":1},"f":{"0":1},"b":{},"_coverageSchema":"1a1c01bbd47fc00a2c39e90264f33305004495a9","hash":"15d8edf2e0d15cfa02746cdc0711c47bd1d70c55"}
}
